Sun Mar 30 02:19:28 AM +07 2025 - list all file in Features 
Sun Mar 30 12:15:03 PM +07 2025 - list all file in /home/chanrat/Documents 
Sun Mar 30 12:15:36 PM +07 2025 - Backup Completed for 'main.sh' to '/home/chanrat/Documents' 
Sun Mar 30 12:17:52 PM +07 2025  - list all file in Features 
Sun Mar 30 12:19:33 PM +07 2025  - list all file in Features 
Sun Mar 30 11:49:37 PM +07 2025 - list all file in Features 
Sun Mar 30 11:55:00 PM +07 2025 -seavthean- search for a file log_file.sh in Features 
Sun Mar 30 11:57:12 PM +07 2025 - seavthean - list all file in Features 
Sun Mar 30 11:57:23 PM +07 2025 - seavthean - Backup Completed for 'Features' to '7' 
Sun Mar 30 11:57:28 PM +07 2025 - seavthean - Counted 7 files in 7
Sun Mar 30 11:58:17 PM +07 2025 - seavthean - search for a file log_file.sh in 7 
Sun Mar 30 11:58:30 PM +07 2025 - seavthean - compression completed: 7_,zip
Mon Mar 31 10:59:43 AM +07 2025 - chanrat - list all file in /home/chanrat/ 
Mon Mar 31 11:00:10 AM +07 2025 - chanrat - Backup Completed for 'main.sh' to '/home/chanrat/Documents' 
Mon Mar 31 11:00:24 AM +07 2025 - chanrat - Counted 7 files in Features
Mon Mar 31 11:00:46 AM +07 2025 - chanrat - search for a file .txt in /home/chanrat/Documents 
Mon Mar 31 11:01:06 AM +07 2025 - chanrat - search for a file *.txt in /home/chanrat/Documents 
Mon Mar 31 11:11:23 AM +07 2025 - chanrat - failed to list all file in  
Mon Mar 31 11:13:14 AM +07 2025 - chanrat - list all file in /home/chanrat/Documents 
Mon Mar 31 11:15:01 AM +07 2025 - chanrat - compression completed: main.sh_,zip
Mon Mar 31 11:46:39 AM +07 2025 - chanrat - Checked disk usage of /home/chanrat/Documents
Mon Mar 31 11:47:12 AM +07 2025 - chanrat - Checked disk usage of Features
Mon Mar 31 12:02:51 PM +07 2025 - chanrat - failed to backup for  to  
Mon Mar 31 12:16:15 PM +07 2025 - chanrat - Counted 3947 files in /home/chanrat
Mon Mar 31 12:16:55 PM +07 2025 - chanrat - search for a file *.txt in /home/chanrat/ 
Mon Mar 31 12:46:37 PM +07 2025 - chanrat - search for a file *.txt in /home/chanrat/ 
Mon Mar 31 01:44:50 PM +07 2025 - chanrat - list all file in /home/chanrat/ 
Mon Mar 31 01:45:20 PM +07 2025 - chanrat - failed to backup for  to  
Mon Mar 31 01:45:27 PM +07 2025 - chanrat - failed to count file in  
Mon Mar 31 01:52:20 PM +07 2025 - chanrat - Backup Completed for '/home/chanrat/Documents/five.txt' to '/home/chanrat/Backup' 
Mon Mar 31 01:56:02 PM +07 2025 - chanrat - compression completed: five.txt_,tar
<<<<<<< HEAD
Mon Mar 31 08:31:49 AM UTC 2025 - vboxuser - list all file in /home/vboxuser 
Mon Mar 31 08:32:36 AM UTC 2025 - vboxuser - Backup Completed for 'Features/compress.sh' to '/home/vboxuser' 
Mon Mar 31 08:39:24 AM UTC 2025 - vboxuser - compression completed: eoneb.tar.gz
Mon Mar 31 08:52:36 AM UTC 2025 - vboxuser - compression completed: etwob.zip
Mon Mar 31 08:53:30 AM UTC 2025 - vboxuser - compression completed: test.zip
Mon Mar 31 08:56:02 AM UTC 2025 - vboxuser - compression completed: test.zip
Mon Mar 31 08:56:31 AM UTC 2025 - vboxuser - compression completed: test.tar.gz
=======
Mon Mar 31 03:31:42 PM +07 2025 - chanrat - compression completed: Documents.zip
Mon Mar 31 03:36:52 PM +07 2025 - chanrat - compression completed: five.txt.zip
Mon Mar 31 03:42:16 PM +07 2025 - chanrat - compression completed: Documents.zip
Wed Apr  2 10:48:13 PM +07 2025 - chanrat - failed to list all file in home/chanrat/ 
Wed Apr  2 10:48:31 PM +07 2025 - chanrat - list all file in /home/chanrat 
Wed Apr  2 10:49:16 PM +07 2025 - chanrat - Backup Completed for 'main.sh' to '/home/chanrat/backup1' 
Wed Apr  2 10:58:45 PM +07 2025 - chanrat - Created destination directory '/home/chanrat/backup2'
Wed Apr  2 10:58:45 PM +07 2025 - chanrat - Backup Completed for 'main.sh' to '/home/chanrat/backup2' 
>>>>>>> bf49d8e (update backup)
Wed Apr  2 11:17:47 PM +07 2025 - chanrat - Checked disk usage of /home/chanrat
Wed Apr  2 11:18:12 PM +07 2025 - chanrat - Checked disk usage of /home/chanrat/OS-Project
Wed Apr  2 11:20:03 PM +07 2025 - chanrat - Checked disk usage of /home/chanrat/OS-Project
Wed Apr  2 11:20:29 PM +07 2025 - chanrat - Checked disk usage of /home/chanrat/OS-Project/Features
Thu Apr  3 09:44:11 +07 2025 - nika - failed to list all file in /User/nika/CS-Term2-Year2 
Thu Apr  3 09:44:32 +07 2025 - nika - failed to list all file in '/Users/nika/CS-Term2-Year2/Operating System 
Thu Apr  3 09:44:53 +07 2025 - nika - list all file in /Users/nika/CS-Term2-Year2/Operating System 
Thu Apr  3 09:45:34 +07 2025 - nika - Created destination directory ''
Thu Apr  3 09:45:34 +07 2025 - nika - failed to backup for  to  
Thu Apr  3 09:46:09 +07 2025 - nika - Created destination directory ''
Thu Apr  3 09:46:09 +07 2025 - nika - Backup Completed for '/Users/nika/CS-Term2-Year2/Operating System' to '' 
Thu Apr  3 09:46:32 +07 2025 - nika - Counted   387798 files in /Users
Thu Apr  3 09:47:24 +07 2025 - nika - Checked disk usage of /Users/nika/CS-Term2-Year2
Thu Apr  3 09:48:26 +07 2025 - nika - search for a file *.pdf in /Users/nika/CS-Term2-Year2 
